 <85813911112328176> 29/09/2018 05:46:55.128     [Error  ] - The selected MDI Frame form cannot be used for the current task, Program: "Main Program".
 <85813911112328176> 29/09/2018 05:46:55.130     [Error  ] - EndTaskRequest(): The selected MDI Frame form cannot be used for the current task : Main Program  : "" ("Test")  (msgid "1917"), Program: "Main Program".
 <-1> 29/09/2018 05:47:46.003     [Error  ] - Error - run-time engine was not found. Please restart the studio in order to run the application
 <563948129387672768> 29/09/2018 05:47:56.891     [Error  ] - The selected MDI Frame form cannot be used for the current task, Program: "Main Program".
 <563948129387672768> 29/09/2018 05:47:56.894     [Error  ] - EndTaskRequest(): The selected MDI Frame form cannot be used for the current task : Main Program  : "Test" ("Test")  (msgid "1920"), Program: "Main Program".
 <450201074563617600> 29/09/2018 05:50:03.529     [Error  ] - The selected MDI Frame form cannot be used for the current task, Program: "Main Program".
 <450201074563617600> 29/09/2018 05:50:03.533     [Error  ] - EndTaskRequest(): The selected MDI Frame form cannot be used for the current task : Main Program  : "Test" ("Test")  (msgid "1923"), Program: "Main Program".
 <90438205394418928> 29/09/2018 07:29:43.429     [Error  ] - The selected MDI Frame form cannot be used for the current task, Program: "Main Program".
 <90438205394418928> 29/09/2018 07:29:43.432     [Error  ] - EndTaskRequest(): The selected MDI Frame form cannot be used for the current task : Main Program  : "Test" ("Test")  (msgid "1927"), Program: "Main Program".
 <-1> 29/09/2018 07:30:39.721     [Error  ] - Error - run-time engine was not found. Please restart the studio in order to run the application
 <-1> 29/09/2018 07:30:52.294     [Error  ] - Error - run-time engine was not found. Please restart the studio in order to run the application
 <31911568117698576> 29/09/2018 07:33:38.551     [Error  ] - The selected MDI Frame form cannot be used for the current task, Program: "Main Program".
 <31911568117698576> 29/09/2018 07:33:38.554     [Error  ] - EndTaskRequest(): The selected MDI Frame form cannot be used for the current task : Main Program  : "Test" ("Test")  (msgid "3"), Program: "Main Program".
 <523040036348331072> 29/09/2018 07:39:30.198     [Error  ] - Program not found for 'Call By Name' operation:, Program: "Test".
 <523040036348331072> 29/09/2018 07:39:34.188     [Error  ] - Program not found for 'Call By Name' operation:, Program: "Test".
 <523040036348331072> 29/09/2018 07:39:37.714     [Error  ] - Program not found for 'Call By Name' operation:, Program: "Test".
 <523040036348331072> 29/09/2018 07:39:40.111     [Error  ] - Program not found for 'Call By Name' operation:, Program: "Test".
 <469107551306740864> 29/09/2018 07:40:10.771     [Error  ] - Program not found for 'Call By Name' operation:, Program: "Test".
 <469107551306740864> 29/09/2018 07:40:10.810     [Error  ] - Program not found for 'Call By Name' operation:, Program: "Test".
 <469107551306740864> 29/09/2018 07:40:14.025     [Error  ] - Program not found for 'Call By Name' operation:, Program: "Test".
 <469107551306740864> 29/09/2018 07:40:14.049     [Error  ] - Program not found for 'Call By Name' operation:, Program: "Test".
 <454164528600402368> 29/09/2018 07:40:40.067     [Error  ] - Program not found for 'Call By Name' operation:, Program: "Test".
 <454164528600402368> 29/09/2018 07:40:40.115     [Error  ] - Program not found for 'Call By Name' operation:, Program: "Test".
 <454164528600402368> 29/09/2018 07:40:41.480     [Error  ] - Program not found for 'Call By Name' operation:, Program: "Test".
 <454164528600402368> 29/09/2018 07:40:41.510     [Error  ] - Program not found for 'Call By Name' operation:, Program: "Test".
 <454164528600402368> 29/09/2018 07:40:41.967     [Error  ] - Program not found for 'Call By Name' operation:, Program: "Test".
 <454164528600402368> 29/09/2018 07:40:41.987     [Error  ] - Program not found for 'Call By Name' operation:, Program: "Test".
 <454164528600402368> 29/09/2018 07:40:42.186     [Error  ] - Program not found for 'Call By Name' operation:, Program: "Test".
 <454164528600402368> 29/09/2018 07:40:42.213     [Error  ] - Program not found for 'Call By Name' operation:, Program: "Test".
 <454164528600402368> 29/09/2018 07:40:42.493     [Error  ] - Program not found for 'Call By Name' operation:, Program: "Test".
 <454164528600402368> 29/09/2018 07:40:42.514     [Error  ] - Program not found for 'Call By Name' operation:, Program: "Test".
 <454164528600402368> 29/09/2018 07:40:42.800     [Error  ] - Program not found for 'Call By Name' operation:, Program: "Test".
 <454164528600402368> 29/09/2018 07:40:42.821     [Error  ] - Program not found for 'Call By Name' operation:, Program: "Test".
 <454164528600402368> 29/09/2018 07:40:43.422     [Error  ] - Program not found for 'Call By Name' operation:, Program: "Test".
 <454164528600402368> 29/09/2018 07:40:43.442     [Error  ] - Program not found for 'Call By Name' operation:, Program: "Test".
 <454164528600402368> 29/09/2018 07:40:43.766     [Error  ] - Program not found for 'Call By Name' operation:, Program: "Test".
 <454164528600402368> 29/09/2018 07:40:43.786     [Error  ] - Program not found for 'Call By Name' operation:, Program: "Test".
 <454164528600402368> 29/09/2018 07:40:45.348     [Error  ] - Program not found for 'Call By Name' operation:, Program: "Test".
 <454164528600402368> 29/09/2018 07:40:45.368     [Error  ] - Program not found for 'Call By Name' operation:, Program: "Test".
 <454164528600402368> 29/09/2018 07:40:45.500     [Error  ] - Program not found for 'Call By Name' operation:, Program: "Test".
 <454164528600402368> 29/09/2018 07:40:45.529     [Error  ] - Program not found for 'Call By Name' operation:, Program: "Test".
 <454164528600402368> 29/09/2018 07:40:45.650     [Error  ] - Program not found for 'Call By Name' operation:, Program: "Test".
 <454164528600402368> 29/09/2018 07:40:45.676     [Error  ] - Program not found for 'Call By Name' operation:, Program: "Test".
 <454164528600402368> 29/09/2018 07:40:45.797     [Error  ] - Program not found for 'Call By Name' operation:, Program: "Test".
 <454164528600402368> 29/09/2018 07:40:45.817     [Error  ] - Program not found for 'Call By Name' operation:, Program: "Test".
 <404284339795977088> 29/09/2018 07:42:01.545     [Error  ] - Program not found for 'Call By Name' operation:, Program: "Test".
 <404284339795977088> 29/09/2018 07:42:02.475     [Error  ] - Program not found for 'Call By Name' operation:, Program: "Test".
 <277664112493574336> 29/09/2018 07:42:23.657     [Error  ] - Program not found for 'Call By Name' operation:, Program: "Test".
 <277664112493574336> 29/09/2018 07:42:24.576     [Error  ] - Program not found for 'Call By Name' operation:, Program: "Test".
 <277664112493574336> 29/09/2018 07:42:24.735     [Error  ] - Program not found for 'Call By Name' operation:, Program: "Test".
 <277664112493574336> 29/09/2018 07:42:24.866     [Error  ] - Program not found for 'Call By Name' operation:, Program: "Test".
 <277664112493574336> 29/09/2018 07:42:25.016     [Error  ] - Program not found for 'Call By Name' operation:, Program: "Test".
 <277664112493574336> 29/09/2018 07:42:25.161     [Error  ] - Program not found for 'Call By Name' operation:, Program: "Test".
 <277664112493574336> 29/09/2018 07:42:25.315     [Error  ] - Program not found for 'Call By Name' operation:, Program: "Test".
 <277664112493574336> 29/09/2018 07:42:27.065     [Error  ] - Program not found for 'Call By Name' operation:, Program: "Test".
 <277664112493574336> 29/09/2018 07:42:27.251     [Error  ] - Program not found for 'Call By Name' operation:, Program: "Test".
 <277664112493574336> 29/09/2018 07:42:27.392     [Error  ] - Program not found for 'Call By Name' operation:, Program: "Test".
 <277664112493574336> 29/09/2018 07:42:27.546     [Error  ] - Program not found for 'Call By Name' operation:, Program: "Test".
 <277664112493574336> 29/09/2018 07:42:27.696     [Error  ] - Program not found for 'Call By Name' operation:, Program: "Test".
 <277664112493574336> 29/09/2018 07:42:27.850     [Error  ] - Program not found for 'Call By Name' operation:, Program: "Test".
 <277664112493574336> 29/09/2018 07:42:27.992     [Error  ] - Program not found for 'Call By Name' operation:, Program: "Test".
 <277664112493574336> 29/09/2018 07:42:28.673     [Error  ] - Program not found for 'Call By Name' operation:, Program: "Test".
 <277664112493574336> 29/09/2018 07:42:28.849     [Error  ] - Program not found for 'Call By Name' operation:, Program: "Test".
 <277664112493574336> 29/09/2018 07:42:29.353     [Error  ] - Program not found for 'Call By Name' operation:, Program: "Test".
 <277664112493574336> 29/09/2018 07:42:29.780     [Error  ] - Program not found for 'Call By Name' operation:, Program: "Test".
 <277664112493574336> 29/09/2018 07:42:30.137     [Error  ] - Program not found for 'Call By Name' operation:, Program: "Test".
 <277664112493574336> 29/09/2018 07:42:30.564     [Error  ] - Program not found for 'Call By Name' operation:, Program: "Test".
 <277664112493574336> 29/09/2018 07:42:30.762     [Error  ] - Program not found for 'Call By Name' operation:, Program: "Test".
 <277664112493574336> 29/09/2018 07:42:30.937     [Error  ] - Program not found for 'Call By Name' operation:, Program: "Test".
 <277664112493574336> 29/09/2018 07:42:32.554     [Error  ] - Program not found for 'Call By Name' operation:, Program: "Test".
 <277664112493574336> 29/09/2018 07:42:32.818     [Error  ] - Program not found for 'Call By Name' operation:, Program: "Test".
 <277664112493574336> 29/09/2018 07:42:33.011     [Error  ] - Program not found for 'Call By Name' operation:, Program: "Test".
 <277664112493574336> 29/09/2018 07:42:34.181     [Error  ] - Program not found for 'Call By Name' operation:, Program: "Test".
 <277664112493574336> 29/09/2018 07:42:34.469     [Error  ] - Program not found for 'Call By Name' operation:, Program: "Test".
 <277664112493574336> 29/09/2018 07:42:34.749     [Error  ] - Program not found for 'Call By Name' operation:, Program: "Test".
 <277664112493574336> 29/09/2018 07:42:34.984     [Error  ] - Program not found for 'Call By Name' operation:, Program: "Test".
 <277664112493574336> 29/09/2018 07:42:35.321     [Error  ] - Program not found for 'Call By Name' operation:, Program: "Test".
 <277664112493574336> 29/09/2018 07:42:35.525     [Error  ] - Program not found for 'Call By Name' operation:, Program: "Test".
 <277664112493574336> 29/09/2018 07:42:35.681     [Error  ] - Program not found for 'Call By Name' operation:, Program: "Test".
 <277664112493574336> 29/09/2018 07:42:36.440     [Error  ] - Program not found for 'Call By Name' operation:, Program: "Test".
 <277664112493574336> 29/09/2018 07:42:36.994     [Error  ] - Program not found for 'Call By Name' operation:, Program: "Test".
 <277664112493574336> 29/09/2018 07:42:41.234     [Error  ] - Program not found for 'Call By Name' operation:, Program: "Test".
 <277664112493574336> 29/09/2018 07:42:41.960     [Error  ] - Program not found for 'Call By Name' operation:, Program: "Test".
 <277664112493574336> 29/09/2018 07:42:42.255     [Error  ] - Program not found for 'Call By Name' operation:, Program: "Test".
 <277664112493574336> 29/09/2018 07:42:42.566     [Error  ] - Program not found for 'Call By Name' operation:, Program: "Test".
 <277664112493574336> 29/09/2018 07:42:42.794     [Error  ] - Program not found for 'Call By Name' operation:, Program: "Test".
 <277664112493574336> 29/09/2018 07:42:43.168     [Error  ] - Program not found for 'Call By Name' operation:, Program: "Test".
 <277664112493574336> 29/09/2018 07:42:43.376     [Error  ] - Program not found for 'Call By Name' operation:, Program: "Test".
 <277664112493574336> 29/09/2018 07:42:43.568     [Error  ] - Program not found for 'Call By Name' operation:, Program: "Test".
 <277664112493574336> 29/09/2018 07:42:43.735     [Error  ] - Program not found for 'Call By Name' operation:, Program: "Test".
 <277664112493574336> 29/09/2018 07:42:43.893     [Error  ] - Program not found for 'Call By Name' operation:, Program: "Test".
 <126499399919497424> 29/09/2018 07:44:08.867     [Error  ] - A 'Call By Name' operation must have a non-empty Public Name., Program: "Test".
 <126499399919497424> 29/09/2018 07:44:09.681     [Error  ] - A 'Call By Name' operation must have a non-empty Public Name., Program: "Test".
 <126499399919497424> 29/09/2018 07:44:09.847     [Error  ] - A 'Call By Name' operation must have a non-empty Public Name., Program: "Test".
 <126499399919497424> 29/09/2018 07:44:09.999     [Error  ] - A 'Call By Name' operation must have a non-empty Public Name., Program: "Test".
 <126499399919497424> 29/09/2018 07:44:10.130     [Error  ] - A 'Call By Name' operation must have a non-empty Public Name., Program: "Test".
 <126499399919497424> 29/09/2018 07:44:10.631     [Error  ] - A 'Call By Name' operation must have a non-empty Public Name., Program: "Test".
 <464608254288882432> 29/09/2018 07:45:31.999     [Error  ] - A 'Call By Name' operation must have a non-empty Public Name., Program: "Test".
 <464608254288882432> 29/09/2018 07:45:32.468     [Error  ] - A 'Call By Name' operation must have a non-empty Public Name., Program: "Test".
 <464608254288882432> 29/09/2018 07:45:33.132     [Error  ] - A 'Call By Name' operation must have a non-empty Public Name., Program: "Test".
 <464608254288882432> 29/09/2018 07:45:33.158     [Error  ] - A 'Call By Name' operation must have a non-empty Public Name., Program: "Test".
 <464608254288882432> 29/09/2018 07:45:34.093     [Error  ] - A 'Call By Name' operation must have a non-empty Public Name., Program: "Test".
 <464608254288882432> 29/09/2018 07:45:34.114     [Error  ] - A 'Call By Name' operation must have a non-empty Public Name., Program: "Test".
 <464608254288882432> 29/09/2018 07:45:34.522     [Error  ] - A 'Call By Name' operation must have a non-empty Public Name., Program: "Test".
 <464608254288882432> 29/09/2018 07:45:34.545     [Error  ] - A 'Call By Name' operation must have a non-empty Public Name., Program: "Test".
 <464608254288882432> 29/09/2018 07:45:34.700     [Error  ] - A 'Call By Name' operation must have a non-empty Public Name., Program: "Test".
 <464608254288882432> 29/09/2018 07:45:34.724     [Error  ] - A 'Call By Name' operation must have a non-empty Public Name., Program: "Test".
 <464608254288882432> 29/09/2018 07:45:34.875     [Error  ] - A 'Call By Name' operation must have a non-empty Public Name., Program: "Test".
 <464608254288882432> 29/09/2018 07:45:34.895     [Error  ] - A 'Call By Name' operation must have a non-empty Public Name., Program: "Test".
 <464608254288882432> 29/09/2018 07:45:35.734     [Error  ] - A 'Call By Name' operation must have a non-empty Public Name., Program: "Test".
 <464608254288882432> 29/09/2018 07:45:35.756     [Error  ] - A 'Call By Name' operation must have a non-empty Public Name., Program: "Test".
 <464608254288882432> 29/09/2018 07:45:36.022     [Error  ] - A 'Call By Name' operation must have a non-empty Public Name., Program: "Test".
 <464608254288882432> 29/09/2018 07:45:36.467     [Error  ] - A 'Call By Name' operation must have a non-empty Public Name., Program: "Test".
 <464608254288882432> 29/09/2018 07:45:36.488     [Error  ] - A 'Call By Name' operation must have a non-empty Public Name., Program: "Test".
 <464608254288882432> 29/09/2018 07:45:36.820     [Error  ] - A 'Call By Name' operation must have a non-empty Public Name., Program: "Test".
 <464608254288882432> 29/09/2018 07:45:37.360     [Error  ] - A 'Call By Name' operation must have a non-empty Public Name., Program: "Test".
 <464608254288882432> 29/09/2018 07:45:37.383     [Error  ] - A 'Call By Name' operation must have a non-empty Public Name., Program: "Test".
 <464608254288882432> 29/09/2018 07:45:37.538     [Error  ] - A 'Call By Name' operation must have a non-empty Public Name., Program: "Test".
 <464608254288882432> 29/09/2018 07:45:37.562     [Error  ] - A 'Call By Name' operation must have a non-empty Public Name., Program: "Test".
 <464608254288882432> 29/09/2018 07:45:37.710     [Error  ] - A 'Call By Name' operation must have a non-empty Public Name., Program: "Test".
 <464608254288882432> 29/09/2018 07:45:37.735     [Error  ] - A 'Call By Name' operation must have a non-empty Public Name., Program: "Test".
 <464608254288882432> 29/09/2018 07:45:37.875     [Error  ] - A 'Call By Name' operation must have a non-empty Public Name., Program: "Test".
 <464608254288882432> 29/09/2018 07:45:37.907     [Error  ] - A 'Call By Name' operation must have a non-empty Public Name., Program: "Test".
 <464608254288882432> 29/09/2018 07:45:38.019     [Error  ] - A 'Call By Name' operation must have a non-empty Public Name., Program: "Test".
 <464608254288882432> 29/09/2018 07:45:38.039     [Error  ] - A 'Call By Name' operation must have a non-empty Public Name., Program: "Test".
 <464608254288882432> 29/09/2018 07:45:38.176     [Error  ] - A 'Call By Name' operation must have a non-empty Public Name., Program: "Test".
 <464608254288882432> 29/09/2018 07:45:38.200     [Error  ] - A 'Call By Name' operation must have a non-empty Public Name., Program: "Test".
 <464608254288882432> 29/09/2018 07:45:38.325     [Error  ] - A 'Call By Name' operation must have a non-empty Public Name., Program: "Test".
 <464608254288882432> 29/09/2018 07:45:38.356     [Error  ] - A 'Call By Name' operation must have a non-empty Public Name., Program: "Test".
 <464608254288882432> 29/09/2018 07:45:38.469     [Error  ] - A 'Call By Name' operation must have a non-empty Public Name., Program: "Test".
 <464608254288882432> 29/09/2018 07:45:38.488     [Error  ] - A 'Call By Name' operation must have a non-empty Public Name., Program: "Test".
 <464608254288882432> 29/09/2018 07:45:38.831     [Error  ] - A 'Call By Name' operation must have a non-empty Public Name., Program: "Test".
 <464608254288882432> 29/09/2018 07:45:39.154     [Error  ] - A 'Call By Name' operation must have a non-empty Public Name., Program: "Test".
 <464608254288882432> 29/09/2018 07:45:39.179     [Error  ] - A 'Call By Name' operation must have a non-empty Public Name., Program: "Test".
 <464608254288882432> 29/09/2018 07:45:39.447     [Error  ] - A 'Call By Name' operation must have a non-empty Public Name., Program: "Test".
 <464608254288882432> 29/09/2018 07:45:39.748     [Error  ] - A 'Call By Name' operation must have a non-empty Public Name., Program: "Test".
 <464608254288882432> 29/09/2018 07:45:39.771     [Error  ] - A 'Call By Name' operation must have a non-empty Public Name., Program: "Test".
 <464608254288882432> 29/09/2018 07:45:40.064     [Error  ] - A 'Call By Name' operation must have a non-empty Public Name., Program: "Test".
 <464608254288882432> 29/09/2018 07:45:40.353     [Error  ] - A 'Call By Name' operation must have a non-empty Public Name., Program: "Test".
 <464608254288882432> 29/09/2018 07:45:40.379     [Error  ] - A 'Call By Name' operation must have a non-empty Public Name., Program: "Test".
 <464608254288882432> 29/09/2018 07:45:40.683     [Error  ] - A 'Call By Name' operation must have a non-empty Public Name., Program: "Test".
 <464608254288882432> 29/09/2018 07:45:41.006     [Error  ] - A 'Call By Name' operation must have a non-empty Public Name., Program: "Test".
 <464608254288882432> 29/09/2018 07:45:41.028     [Error  ] - A 'Call By Name' operation must have a non-empty Public Name., Program: "Test".
 <464608254288882432> 29/09/2018 07:45:41.248     [Error  ] - A 'Call By Name' operation must have a non-empty Public Name., Program: "Test".
 <464608254288882432> 29/09/2018 07:45:41.666     [Error  ] - A 'Call By Name' operation must have a non-empty Public Name., Program: "Test".
 <464608254288882432> 29/09/2018 07:45:41.688     [Error  ] - A 'Call By Name' operation must have a non-empty Public Name., Program: "Test".
 <464608254288882432> 29/09/2018 07:45:42.012     [Error  ] - A 'Call By Name' operation must have a non-empty Public Name., Program: "Test".
 <464608254288882432> 29/09/2018 07:45:42.273     [Error  ] - A 'Call By Name' operation must have a non-empty Public Name., Program: "Test".
 <464608254288882432> 29/09/2018 07:45:42.303     [Error  ] - A 'Call By Name' operation must have a non-empty Public Name., Program: "Test".
 <464608254288882432> 29/09/2018 07:45:42.808     [Error  ] - A 'Call By Name' operation must have a non-empty Public Name., Program: "Test".
 <464608254288882432> 29/09/2018 07:45:43.191     [Error  ] - A 'Call By Name' operation must have a non-empty Public Name., Program: "Test".
 <464608254288882432> 29/09/2018 07:45:43.360     [Error  ] - A 'Call By Name' operation must have a non-empty Public Name., Program: "Test".
 <464608254288882432> 29/09/2018 07:45:43.526     [Error  ] - A 'Call By Name' operation must have a non-empty Public Name., Program: "Test".
 <464608254288882432> 29/09/2018 07:45:43.695     [Error  ] - A 'Call By Name' operation must have a non-empty Public Name., Program: "Test".
 <464608254288882432> 29/09/2018 07:45:43.848     [Error  ] - A 'Call By Name' operation must have a non-empty Public Name., Program: "Test".
 <464608254288882432> 29/09/2018 07:45:44.598     [Error  ] - A 'Call By Name' operation must have a non-empty Public Name., Program: "Test".
 <464608254288882432> 29/09/2018 07:45:44.767     [Error  ] - A 'Call By Name' operation must have a non-empty Public Name., Program: "Test".
 <464608254288882432> 29/09/2018 07:45:44.921     [Error  ] - A 'Call By Name' operation must have a non-empty Public Name., Program: "Test".
 <464608254288882432> 29/09/2018 07:45:45.807     [Error  ] - A 'Call By Name' operation must have a non-empty Public Name., Program: "Test".
 <464608254288882432> 29/09/2018 07:45:46.007     [Error  ] - A 'Call By Name' operation must have a non-empty Public Name., Program: "Test".
 <464608254288882432> 29/09/2018 07:45:46.169     [Error  ] - A 'Call By Name' operation must have a non-empty Public Name., Program: "Test".
 <464608254288882432> 29/09/2018 07:45:48.928     [Error  ] - A 'Call By Name' operation must have a non-empty Public Name., Program: "Test".
 <464608254288882432> 29/09/2018 07:45:49.118     [Error  ] - A 'Call By Name' operation must have a non-empty Public Name., Program: "Test".
 <464608254288882432> 29/09/2018 07:45:49.752     [Error  ] - A 'Call By Name' operation must have a non-empty Public Name., Program: "Test".
 <464608254288882432> 29/09/2018 07:45:49.776     [Error  ] - A 'Call By Name' operation must have a non-empty Public Name., Program: "Test".
 <463424366721220544> 29/09/2018 07:47:03.855     [Error  ] - A 'Call By Name' operation must have a non-empty Public Name., Program: "Test".
 <463424366721220544> 29/09/2018 07:47:04.292     [Error  ] - A 'Call By Name' operation must have a non-empty Public Name., Program: "Test".
 <463424366721220544> 29/09/2018 07:47:04.950     [Error  ] - A 'Call By Name' operation must have a non-empty Public Name., Program: "Test".
 <463424366721220544> 29/09/2018 07:47:10.778     [Error  ] - A 'Call By Name' operation must have a non-empty Public Name., Program: "Test".
 <100653782028086528> 29/09/2018 07:47:42.933     [Error  ] - A 'Call By Name' operation must have a non-empty Public Name., Program: "Test".
 <100653782028086528> 29/09/2018 07:47:44.003     [Error  ] - A 'Call By Name' operation must have a non-empty Public Name., Program: "Test".
 <100653782028086528> 29/09/2018 07:47:44.488     [Error  ] - A 'Call By Name' operation must have a non-empty Public Name., Program: "Test".
 <100653782028086528> 29/09/2018 07:47:48.895     [Error  ] - A 'Call By Name' operation must have a non-empty Public Name., Program: "Test".
 <100653782028086528> 29/09/2018 07:47:49.839     [Error  ] - A 'Call By Name' operation must have a non-empty Public Name., Program: "Test".
 <100653782028086528> 29/09/2018 07:47:50.221     [Error  ] - A 'Call By Name' operation must have a non-empty Public Name., Program: "Test".
 <100653782028086528> 29/09/2018 07:47:51.531     [Error  ] - A 'Call By Name' operation must have a non-empty Public Name., Program: "Test".
 <100653782028086528> 29/09/2018 07:47:52.080     [Error  ] - A 'Call By Name' operation must have a non-empty Public Name., Program: "Test".
 <100653782028086528> 29/09/2018 07:47:52.520     [Error  ] - A 'Call By Name' operation must have a non-empty Public Name., Program: "Test".
 <100653782028086528> 29/09/2018 07:47:53.031     [Error  ] - A 'Call By Name' operation must have a non-empty Public Name., Program: "Test".
 <100653782028086528> 29/09/2018 07:47:54.009     [Error  ] - A 'Call By Name' operation must have a non-empty Public Name., Program: "Test".
 <100653782028086528> 29/09/2018 07:47:54.619     [Error  ] - A 'Call By Name' operation must have a non-empty Public Name., Program: "Test".
 <100653782028086528> 29/09/2018 07:47:55.267     [Error  ] - A 'Call By Name' operation must have a non-empty Public Name., Program: "Test".
 <100653782028086528> 29/09/2018 07:47:55.700     [Error  ] - A 'Call By Name' operation must have a non-empty Public Name., Program: "Test".
 <100653782028086528> 29/09/2018 07:47:56.181     [Error  ] - A 'Call By Name' operation must have a non-empty Public Name., Program: "Test".
 <100653782028086528> 29/09/2018 07:47:58.210     [Error  ] - A 'Call By Name' operation must have a non-empty Public Name., Program: "Test".
 <100653782028086528> 29/09/2018 07:47:58.627     [Error  ] - A 'Call By Name' operation must have a non-empty Public Name., Program: "Test".
 <100653782028086528> 29/09/2018 07:47:59.240     [Error  ] - A 'Call By Name' operation must have a non-empty Public Name., Program: "Test".
 <100653782028086528> 29/09/2018 07:48:00.183     [Error  ] - A 'Call By Name' operation must have a non-empty Public Name., Program: "Test".
 <100653782028086528> 29/09/2018 07:48:00.615     [Error  ] - A 'Call By Name' operation must have a non-empty Public Name., Program: "Test".
 <100653782028086528> 29/09/2018 07:48:01.011     [Error  ] - A 'Call By Name' operation must have a non-empty Public Name., Program: "Test".
 <100653782028086528> 29/09/2018 07:48:01.409     [Error  ] - A 'Call By Name' operation must have a non-empty Public Name., Program: "Test".
 <100653782028086528> 29/09/2018 07:48:01.754     [Error  ] - A 'Call By Name' operation must have a non-empty Public Name., Program: "Test".
 <100653782028086528> 29/09/2018 07:48:02.137     [Error  ] - A 'Call By Name' operation must have a non-empty Public Name., Program: "Test".
 <220816776154654048> 29/09/2018 07:49:36.781     [Error  ] - A 'Call By Name' operation must have a non-empty Public Name., Program: "Test".
 <220816776154654048> 29/09/2018 07:49:37.764     [Error  ] - A 'Call By Name' operation must have a non-empty Public Name., Program: "Test".
 <220816776154654048> 29/09/2018 07:49:37.957     [Error  ] - A 'Call By Name' operation must have a non-empty Public Name., Program: "Test".
 <220816776154654048> 29/09/2018 07:49:38.111     [Error  ] - A 'Call By Name' operation must have a non-empty Public Name., Program: "Test".
 <220816776154654048> 29/09/2018 07:49:38.264     [Error  ] - A 'Call By Name' operation must have a non-empty Public Name., Program: "Test".
 <220816776154654048> 29/09/2018 07:49:38.434     [Error  ] - A 'Call By Name' operation must have a non-empty Public Name., Program: "Test".
 <220816776154654048> 29/09/2018 07:49:38.777     [Error  ] - A 'Call By Name' operation must have a non-empty Public Name., Program: "Test".
 <220816776154654048> 29/09/2018 07:49:38.928     [Error  ] - A 'Call By Name' operation must have a non-empty Public Name., Program: "Test".
 <220816776154654048> 29/09/2018 07:49:39.056     [Error  ] - A 'Call By Name' operation must have a non-empty Public Name., Program: "Test".
 <280579080123301088> 29/09/2018 07:50:05.963     [Error  ] - Program not found for 'Call By Name' operation:, Program: "Test".
 <280579080123301088> 29/09/2018 07:50:07.714     [Error  ] - Program not found for 'Call By Name' operation:, Program: "Test".
 <280579080123301088> 29/09/2018 07:50:08.363     [Error  ] - Program not found for 'Call By Name' operation:, Program: "Test".
 <280579080123301088> 29/09/2018 07:50:08.535     [Error  ] - Program not found for 'Call By Name' operation:, Program: "Test".
 <280579080123301088> 29/09/2018 07:50:08.758     [Error  ] - Program not found for 'Call By Name' operation:, Program: "Test".
 <280579080123301088> 29/09/2018 07:50:08.950     [Error  ] - Program not found for 'Call By Name' operation:, Program: "Test".
 <352055751817427200> 29/09/2018 07:55:17.550     [Error  ] - Program not found for 'Call By Name' operation:, Program: "Test".
 <352055751817427200> 29/09/2018 07:55:18.105     [Error  ] - Program not found for 'Call By Name' operation:, Program: "Test".
 <352055751817427200> 29/09/2018 07:55:18.523     [Error  ] - Program not found for 'Call By Name' operation:, Program: "Test".
 <352055751817427200> 29/09/2018 07:55:18.887     [Error  ] - Program not found for 'Call By Name' operation:, Program: "Test".
 <352055751817427200> 29/09/2018 07:55:19.200     [Error  ] - Program not found for 'Call By Name' operation:, Program: "Test".
 <236462107518479200> 29/09/2018 08:13:41.031     [Error  ] - Program not found for 'Call By Name' operation:, Program: "Test".
 <236462107518479200> 29/09/2018 08:13:43.423     [Error  ] - Program not found for 'Call By Name' operation:, Program: "Test".
 <236462107518479200> 29/09/2018 08:13:44.014     [Error  ] - Program not found for 'Call By Name' operation:, Program: "Test".
 <236462107518479200> 29/09/2018 08:13:44.504     [Error  ] - Program not found for 'Call By Name' operation:, Program: "Test".
 <236462107518479200> 29/09/2018 08:13:44.868     [Error  ] - Program not found for 'Call By Name' operation:, Program: "Test".
 <236462107518479200> 29/09/2018 08:13:45.701     [Error  ] - Program not found for 'Call By Name' operation:, Program: "Test".
 <236462107518479200> 29/09/2018 08:13:45.909     [Error  ] - Program not found for 'Call By Name' operation:, Program: "Test".
 <236462107518479200> 29/09/2018 08:13:46.083     [Error  ] - Program not found for 'Call By Name' operation:, Program: "Test".
 <236462107518479200> 29/09/2018 08:13:46.550     [Error  ] - Program not found for 'Call By Name' operation:, Program: "Test".
 <236462107518479200> 29/09/2018 08:13:46.956     [Error  ] - Program not found for 'Call By Name' operation:, Program: "Test".
 <236462107518479200> 29/09/2018 08:13:47.356     [Error  ] - Program not found for 'Call By Name' operation:, Program: "Test".
 <236462107518479200> 29/09/2018 08:13:47.863     [Error  ] - Program not found for 'Call By Name' operation:, Program: "Test".
 <236462107518479200> 29/09/2018 08:13:48.640     [Error  ] - Program not found for 'Call By Name' operation:, Program: "Test".
 <236462107518479200> 29/09/2018 08:13:48.817     [Error  ] - Program not found for 'Call By Name' operation:, Program: "Test".
 <236462107518479200> 29/09/2018 08:13:49.516     [Error  ] - Program not found for 'Call By Name' operation:, Program: "Test".
 <236462107518479200> 29/09/2018 08:13:50.034     [Error  ] - Program not found for 'Call By Name' operation:, Program: "Test".
 <236462107518479200> 29/09/2018 08:13:50.429     [Error  ] - Program not found for 'Call By Name' operation:, Program: "Test".
 <236462107518479200> 29/09/2018 08:13:50.720     [Error  ] - Program not found for 'Call By Name' operation:, Program: "Test".
 <236462107518479200> 29/09/2018 08:13:51.022     [Error  ] - Program not found for 'Call By Name' operation:, Program: "Test".
 <409451382846203072> 29/09/2018 08:14:38.560     [Error  ] - Program not found for 'Call By Name' operation:, Program: "Test".
 <409451382846203072> 29/09/2018 08:14:40.128     [Error  ] - Program not found for 'Call By Name' operation:, Program: "Test".
 <409451382846203072> 29/09/2018 08:14:40.501     [Error  ] - Program not found for 'Call By Name' operation:, Program: "Test".
 <409451382846203072> 29/09/2018 08:14:42.741     [Error  ] - Program not found for 'Call By Name' operation:, Program: "Test".
 <409451382846203072> 29/09/2018 08:14:43.142     [Error  ] - Program not found for 'Call By Name' operation:, Program: "Test".
 <409451382846203072> 29/09/2018 08:14:43.789     [Error  ] - Program not found for 'Call By Name' operation:, Program: "Test".
 <409451382846203072> 29/09/2018 08:14:44.633     [Error  ] - Program not found for 'Call By Name' operation:, Program: "Test".
 <409451382846203072> 29/09/2018 08:14:46.121     [Error  ] - Program not found for 'Call By Name' operation:, Program: "Test".
 <409451382846203072> 29/09/2018 08:14:46.722     [Error  ] - Program not found for 'Call By Name' operation:, Program: "Test".
 <409451382846203072> 29/09/2018 08:14:47.821     [Error  ] - Program not found for 'Call By Name' operation:, Program: "Test".
 <409451382846203072> 29/09/2018 08:14:48.317     [Error  ] - Program not found for 'Call By Name' operation:, Program: "Test".
 <340664343052162304> 29/09/2018 08:21:02.719     [Error  ] - Program not found for 'Call By Name' operation: Enter the Application, Program: "Test".
 <340664343052162304> 29/09/2018 08:21:04.112     [Error  ] - Program not found for 'Call By Name' operation: btn2, Program: "Test".
 <340664343052162304> 29/09/2018 08:21:04.689     [Error  ] - Program not found for 'Call By Name' operation: btn1, Program: "Test".
 <340664343052162304> 29/09/2018 08:21:05.804     [Error  ] - Program not found for 'Call By Name' operation: btn2, Program: "Test".
 <340664343052162304> 29/09/2018 08:21:06.448     [Error  ] - Program not found for 'Call By Name' operation: Enter the Application, Program: "Test".
 <439234910554336576> 29/09/2018 08:21:37.184     [Error  ] - Program not found for 'Call By Name' operation: Enter the Application, Program: "Test".
 <439234910554336576> 29/09/2018 08:21:38.296     [Error  ] - Program not found for 'Call By Name' operation: btn2, Program: "Test".
 <439234910554336576> 29/09/2018 08:21:39.659     [Error  ] - Program not found for 'Call By Name' operation: btn1, Program: "Test".
 <439234910554336576> 29/09/2018 08:21:40.233     [Error  ] - Program not found for 'Call By Name' operation: btn2, Program: "Test".
 <439234910554336576> 29/09/2018 08:21:40.829     [Error  ] - Program not found for 'Call By Name' operation: btn1, Program: "Test".
 <439234910554336576> 29/09/2018 08:21:41.217     [Error  ] - Program not found for 'Call By Name' operation: btn2, Program: "Test".
 <439234910554336576> 29/09/2018 08:21:41.672     [Error  ] - Program not found for 'Call By Name' operation:, Program: "Test".
 <439234910554336576> 29/09/2018 08:21:43.351     [Error  ] - Program not found for 'Call By Name' operation: Enter the Application, Program: "Test".
 <500970004473981952> 29/09/2018 08:41:25.718     [Error  ] - Program not found for 'Call By Name' operation:, Program: "Test".
 <500970004473981952> 29/09/2018 08:41:26.694     [Error  ] - Program not found for 'Call By Name' operation:, Program: "Test".
 <500970004473981952> 29/09/2018 08:41:27.223     [Error  ] - Program not found for 'Call By Name' operation:, Program: "Test".
 <500970004473981952> 29/09/2018 08:41:27.635     [Error  ] - Program not found for 'Call By Name' operation:, Program: "Test".
 <500970004473981952> 29/09/2018 08:41:28.116     [Error  ] - Program not found for 'Call By Name' operation:, Program: "Test".
 <500970004473981952> 29/09/2018 08:41:31.651     [Error  ] - Program not found for 'Call By Name' operation:, Program: "Test".
 <385090336229674048> 29/09/2018 08:41:46.437     [Error  ] - Program not found for 'Call By Name' operation:, Program: "Test".
 <385090336229674048> 29/09/2018 08:41:47.510     [Error  ] - Program not found for 'Call By Name' operation:, Program: "Test".
 <385090336229674048> 29/09/2018 08:41:48.126     [Error  ] - Program not found for 'Call By Name' operation:, Program: "Test".
 <385090336229674048> 29/09/2018 08:41:50.471     [Error  ] - Program not found for 'Call By Name' operation:, Program: "Test".
 <345477855598577344> 29/09/2018 08:42:11.251     [Error  ] - Program not found for 'Call By Name' operation:, Program: "Test".
 <345477855598577344> 29/09/2018 08:42:12.142     [Error  ] - Program not found for 'Call By Name' operation:, Program: "Test".
 <345477855598577344> 29/09/2018 08:42:12.803     [Error  ] - Program not found for 'Call By Name' operation:, Program: "Test".
 <345477855598577344> 29/09/2018 08:42:14.848     [Error  ] - Program not found for 'Call By Name' operation:, Program: "Test".
 <345477855598577344> 29/09/2018 08:42:15.519     [Error  ] - Program not found for 'Call By Name' operation:, Program: "Test".
 <345477855598577344> 29/09/2018 08:42:15.941     [Error  ] - Program not found for 'Call By Name' operation:, Program: "Test".
 <99909260082241376> 29/09/2018 08:43:39.673     [Error  ] - Program not found for 'Call By Name' operation: btn2, Program: "Test".
 <99909260082241376> 29/09/2018 08:43:40.593     [Error  ] - Program not found for 'Call By Name' operation: btn1, Program: "Test".
 <99909260082241376> 29/09/2018 08:43:41.153     [Error  ] - Program not found for 'Call By Name' operation: btn2, Program: "Test".
 <341726784175396224> 29/09/2018 08:44:43.495     [Error  ] - Program not found for 'Call By Name' operation: r to the Application, Program: "Test".
 <341726784175396224> 29/09/2018 08:44:46.443     [Error  ] - Program not found for 'Call By Name' operation: r to the Application, Program: "Test".
 <334264015839739456> 29/09/2018 08:49:31.979     [Error  ] - Program not found for 'Call By Name' operation:, Program: "Test".
 <334264015839739456> 29/09/2018 08:49:33.212     [Error  ] - Program not found for 'Call By Name' operation:, Program: "Test".
 <334264015839739456> 29/09/2018 08:49:34.123     [Error  ] - Program not found for 'Call By Name' operation:, Program: "Test".
 <334264015839739456> 29/09/2018 08:49:34.765     [Error  ] - Program not found for 'Call By Name' operation:, Program: "Test".
 <334264015839739456> 29/09/2018 08:49:35.236     [Error  ] - Program not found for 'Call By Name' operation:, Program: "Test".
 <334264015839739456> 29/09/2018 08:49:37.129     [Error  ] - Program not found for 'Call By Name' operation:, Program: "Test".
 <334264015839739456> 29/09/2018 08:49:37.649     [Error  ] - Program not found for 'Call By Name' operation:, Program: "Test".
 <334264015839739456> 29/09/2018 08:49:38.151     [Error  ] - Program not found for 'Call By Name' operation:, Program: "Test".
 <334264015839739456> 29/09/2018 08:49:38.782     [Error  ] - Program not found for 'Call By Name' operation:, Program: "Test".
 <334264015839739456> 29/09/2018 08:51:12.993     [Error  ] - Program not found for 'Call By Name' operation:, Program: "Test".
 <334264015839739456> 29/09/2018 08:51:13.494     [Error  ] - Program not found for 'Call By Name' operation:, Program: "Test".
 <334264015839739456> 29/09/2018 08:51:13.936     [Error  ] - Program not found for 'Call By Name' operation:, Program: "Test".
 <334264015839739456> 29/09/2018 08:51:14.405     [Error  ] - Program not found for 'Call By Name' operation:, Program: "Test".
 <334264015839739456> 29/09/2018 08:51:14.836     [Error  ] - Program not found for 'Call By Name' operation:, Program: "Test".
 <334264015839739456> 29/09/2018 08:51:15.375     [Error  ] - Program not found for 'Call By Name' operation:, Program: "Test".
 <334264015839739456> 29/09/2018 08:51:15.849     [Error  ] - Program not found for 'Call By Name' operation:, Program: "Test".
 <334264015839739456> 29/09/2018 08:51:16.339     [Error  ] - Program not found for 'Call By Name' operation:, Program: "Test".
 <334264015839739456> 29/09/2018 08:51:16.819     [Error  ] - Program not found for 'Call By Name' operation:, Program: "Test".
 <334264015839739456> 29/09/2018 08:51:17.382     [Error  ] - Program not found for 'Call By Name' operation:, Program: "Test".
 <334264015839739456> 29/09/2018 08:51:17.910     [Error  ] - Program not found for 'Call By Name' operation:, Program: "Test".
 <334264015839739456> 29/09/2018 08:51:18.364     [Error  ] - Program not found for 'Call By Name' operation:, Program: "Test".
 <334264015839739456> 29/09/2018 08:51:19.231     [Error  ] - Program not found for 'Call By Name' operation:, Program: "Test".
 <334264015839739456> 29/09/2018 08:51:19.784     [Error  ] - Program not found for 'Call By Name' operation:, Program: "Test".
 <334264015839739456> 29/09/2018 08:51:20.361     [Error  ] - Program not found for 'Call By Name' operation:, Program: "Test".
 <334264015839739456> 29/09/2018 08:51:21.504     [Error  ] - Program not found for 'Call By Name' operation:, Program: "Test".
 <334264015839739456> 29/09/2018 08:51:22.086     [Error  ] - Program not found for 'Call By Name' operation:, Program: "Test".
 <334264015839739456> 29/09/2018 08:51:23.381     [Error  ] - Program not found for 'Call By Name' operation:, Program: "Test".
 <334264015839739456> 29/09/2018 08:51:23.907     [Error  ] - Program not found for 'Call By Name' operation:, Program: "Test".
 <98856115598834752> 29/09/2018 10:35:14.501     [Error  ] - Program not found for 'Call By Name' operation:, Program: "Test".
 <98856115598834752> 29/09/2018 10:35:15.159     [Error  ] - Program not found for 'Call By Name' operation:, Program: "Test".
 <98856115598834752> 29/09/2018 10:35:15.722     [Error  ] - Program not found for 'Call By Name' operation:, Program: "Test".
 <98856115598834752> 29/09/2018 10:35:16.182     [Error  ] - Program not found for 'Call By Name' operation:, Program: "Test".
 <98856115598834752> 29/09/2018 10:35:16.583     [Error  ] - Program not found for 'Call By Name' operation:, Program: "Test".
 <98856115598834752> 29/09/2018 10:35:17.142     [Error  ] - Program not found for 'Call By Name' operation:, Program: "Test".
 <192266488227468128> 29/09/2018 10:39:49.220     [Error  ] - Program not found for 'Call By Name' operation:, Program: "Call by Name Test".
 <192266488227468128> 29/09/2018 10:39:49.924     [Error  ] - Program not found for 'Call By Name' operation:, Program: "Call by Name Test".
 <192266488227468128> 29/09/2018 10:39:50.367     [Error  ] - Program not found for 'Call By Name' operation:, Program: "Call by Name Test".
 <192266488227468128> 29/09/2018 10:39:50.827     [Error  ] - Program not found for 'Call By Name' operation:, Program: "Call by Name Test".
 <192266488227468128> 29/09/2018 10:39:51.282     [Error  ] - Program not found for 'Call By Name' operation:, Program: "Call by Name Test".
 <192266488227468128> 29/09/2018 10:39:51.716     [Error  ] - Program not found for 'Call By Name' operation:, Program: "Call by Name Test".
 <101814615467460272> 02/10/2018 01:42:51.668     [Error  ] - Program not found for 'Call By Name' operation:, Program: "Call by Name Test".
 <101814615467460272> 02/10/2018 01:42:52.204     [Error  ] - Program not found for 'Call By Name' operation:, Program: "Call by Name Test".
 <101814615467460272> 02/10/2018 01:42:52.820     [Error  ] - Program not found for 'Call By Name' operation:, Program: "Call by Name Test".
 <101814615467460272> 02/10/2018 01:42:53.208     [Error  ] - Program not found for 'Call By Name' operation:, Program: "Call by Name Test".
 <101814615467460272> 02/10/2018 01:42:53.789     [Error  ] - Program not found for 'Call By Name' operation:, Program: "Call by Name Test".
 <101814615467460272> 02/10/2018 01:42:54.455     [Error  ] - Program not found for 'Call By Name' operation:, Program: "Call by Name Test".
 <101814615467460272> 02/10/2018 01:42:55.938     [Error  ] - Program not found for 'Call By Name' operation:, Program: "Call by Name Test".
 <101814615467460272> 02/10/2018 01:42:56.428     [Error  ] - Program not found for 'Call By Name' operation:, Program: "Call by Name Test".
 <101814615467460272> 02/10/2018 01:42:57.646     [Error  ] - Program not found for 'Call By Name' operation:, Program: "Call by Name Test".
 <101814615467460272> 02/10/2018 01:42:58.840     [Error  ] - Program not found for 'Call By Name' operation:, Program: "Call by Name Test".
 <101814615467460272> 02/10/2018 01:42:59.177     [Error  ] - Program not found for 'Call By Name' operation:, Program: "Call by Name Test".
 <120795920242392736> 03/10/2018 03:53:00.702     [Error  ] - Program not found for 'Call By Name' operation:, Program: "Call by Name Test".
 <120795920242392736> 03/10/2018 03:53:06.621     [Error  ] - Program not found for 'Call By Name' operation:, Program: "Call by Name Test".
 <120795920242392736> 03/10/2018 03:53:07.878     [Error  ] - Program not found for 'Call By Name' operation:, Program: "Call by Name Test".
 <120795920242392736> 03/10/2018 03:53:09.044     [Error  ] - Program not found for 'Call By Name' operation:, Program: "Call by Name Test".
 <120795920242392736> 03/10/2018 03:53:10.315     [Error  ] - Program not found for 'Call By Name' operation:, Program: "Call by Name Test".
 <120795920242392736> 03/10/2018 03:53:11.496     [Error  ] - Program not found for 'Call By Name' operation:, Program: "Call by Name Test".
 <541178176996244032> 06/10/2018 00:47:36.609     [Error  ] - Destination context not found: browserOutput, Program: "Signature Test".
 <541178176996244032> 06/10/2018 00:47:37.817     [Error  ] - Destination context not found: browserOutput, Program: "Signature Test".
 <541178176996244032> 06/10/2018 00:47:37.993     [Error  ] - Destination context not found: browserOutput, Program: "Signature Test".
 <541178176996244032> 06/10/2018 00:47:38.169     [Error  ] - Destination context not found: browserOutput, Program: "Signature Test".
 <-1> 06/10/2018 03:07:00.565     [Error  ] - Cabinet File Name cannot be empty.
 <-1> 06/10/2018 03:07:00.618     [Error  ] - Cabinet File Name cannot be empty.
 <-1> 06/10/2018 03:13:31.399     [Error  ] - Cabinet File Name cannot be empty.
 <-1> 06/10/2018 03:13:31.454     [Error  ] - Cabinet File Name cannot be empty.
 <-1> 06/10/2018 03:26:44.483     [Error  ] - Failed to Load Assembly : "C:\Program Files (x86)\Essential Objects\EO.Total 2018\EO.WebBrowser.dll"
"Could not load file or assembly 'EO.Base, Version=18.2.74.0, Culture=neutral, PublicKeyToken=e92353a6bf73fffc' or one of its dependencies. The system cannot find the file specified."
 <-1> 06/10/2018 03:26:44.550     [Error  ] - Failed to Load Assembly : "C:\Program Files (x86)\Essential Objects\EO.Total 2018\EO.WebBrowser.dll"
"Could not load file or assembly 'EO.Base, Version=18.2.74.0, Culture=neutral, PublicKeyToken=e92353a6bf73fffc' or one of its dependencies. The system cannot find the file specified."
 <64871692556252792> 10/10/2018 10:35:59.407     [Error  ] - "D:\Programming\Magic XPA\Projects\HomecarePro\Images\GrayWaves1.jpg" not found., Program: "Call by Name Test".
 <64871692556252792> 10/10/2018 10:36:00.106     [Error  ] - "D:ProgrammingMagic XPAProjectsHomecareProImagesGrayWaves1.jpg" not found., Program: "Main Program".
 <64871692556252792> 10/10/2018 10:36:00.327     [Error  ] - "D:\Programming\Magic XPA\Projects\HomecarePro\Images\Screens\04_documentos1.png" not found., Program: "Main Program".
 <434489124590226368> 10/10/2018 10:37:54.626     [Error  ] - "D:\Programming\Magic XPA\Projects\HomecarePro\Images\GrayWaves1.jpg" not found., Program: "Call by Name Test".
 <434489124590226368> 10/10/2018 10:37:55.132     [Error  ] - "D:ProgrammingMagic XPAProjectsHomecareProImagesGrayWaves1.jpg" not found., Program: "Main Program".
 <329264026860686080> 10/10/2018 10:38:16.733     [Error  ] - "D:\Programming\Magic XPA\Projects\HomecarePro\Images\GrayWaves1.jpg" not found., Program: "Call by Name Test".
 <329264026860686080> 10/10/2018 10:38:17.241     [Error  ] - "D:ProgrammingMagic XPAProjectsHomecareProImagesGrayWaves1.jpg" not found., Program: "Main Program".
 <329264026860686080> 10/10/2018 10:38:17.430     [Error  ] - "D:\Programming\Magic XPA\Projects\Deras\Images\Roy L. 1Morcilla.jpg" not found., Program: "Main Program".
 <237351561563341216> 10/10/2018 10:38:36.148     [Error  ] - "D:\Programming\Magic XPA\Projects\HomecarePro\Images\GrayWaves1.jpg" not found., Program: "Call by Name Test".
 <237351561563341216> 10/10/2018 10:38:36.622     [Error  ] - "D:ProgrammingMagic XPAProjectsHomecareProImagesGrayWaves1.jpg" not found., Program: "Main Program".
 <471551248959918144> 10/10/2018 19:44:27.565     [Error  ] - "D:\Programming\Magic XPA\Projects\HomecarePro\Images\GrayWaves1.jpg" not found., Program: "Call by Name Test".
 <471551248959918144> 10/10/2018 19:44:28.200     [Error  ] - "D:ProgrammingMagic XPAProjectsHomecareProImagesGrayWaves1.jpg" not found., Program: "Main Program".
 <327750780971878656> 10/10/2018 19:45:16.199     [Error  ] - "D:\Programming\Magic XPA\Projects\HomecarePro\Images\GrayWaves1.jpg" not found., Program: "Call by Name Test".
 <327750780971878656> 10/10/2018 19:45:16.715     [Error  ] - "D:ProgrammingMagic XPAProjectsHomecareProImagesGrayWaves1.jpg" not found., Program: "Main Program".
 <-1> 16/10/2018 03:50:48.548     [Error  ] - Failed to Load Assembly : "C:\Program Files (x86)\Essential Objects\EO.Total 2018\EO.Web.dll"
"Could not load file or assembly 'EO.Web.dll' or one of its dependencies. The system cannot find the path specified."
 <-1> 16/10/2018 03:50:48.643     [Error  ] - Failed to Load Assembly : "C:\Program Files (x86)\Essential Objects\EO.Total 2018\EO.Web.dll"
"Could not load file or assembly 'EO.Web.dll' or one of its dependencies. The system cannot find the path specified."
 <188203507581181664> 16/10/2018 03:51:27.572     [Error  ] - "D:\Programming\Magic XPA\Projects\HomecarePro\Images\GrayWaves1.jpg" not found., Program: "Call by Name Test".
 <188203507581181664> 16/10/2018 03:51:30.361     [Error  ] - "D:ProgrammingMagic XPAProjectsHomecareProImagesGrayWaves1.jpg" not found., Program: "Main Program".
 <-1> 16/10/2018 04:27:14.280     [Error  ] - Failed to Load Assembly : "C:\Program Files (x86)\Essential Objects\EO.Total 2018\EO.Web.dll"
"Could not load file or assembly 'EO.Web.dll' or one of its dependencies. The system cannot find the path specified."
 <-1> 16/10/2018 04:27:14.410     [Error  ] - Failed to Load Assembly : "C:\Program Files (x86)\Essential Objects\EO.Total 2018\EO.Web.dll"
"Could not load file or assembly 'EO.Web.dll' or one of its dependencies. The system cannot find the path specified."
 <-1> 16/10/2018 10:38:50.549     [Error  ] - Failed to Load Assembly : "C:\Program Files (x86)\Essential Objects\EO.Total 2018\EO.Web.dll"
"Could not load file or assembly 'EO.Web.dll' or one of its dependencies. The system cannot find the path specified."
 <-1> 16/10/2018 10:38:50.603     [Error  ] - Failed to Load Assembly : "C:\Program Files (x86)\Essential Objects\EO.Total 2018\EO.Web.dll"
"Could not load file or assembly 'EO.Web.dll' or one of its dependencies. The system cannot find the path specified."
 <-1> 18/10/2018 01:13:33.541     [Error  ] - Failed to Load Assembly : "C:\Program Files (x86)\Essential Objects\EO.Total 2018\EO.Web.dll"
"Could not load file or assembly 'EO.Web.dll' or one of its dependencies. The system cannot find the path specified."
 <-1> 18/10/2018 01:13:33.620     [Error  ] - Failed to Load Assembly : "C:\Program Files (x86)\Essential Objects\EO.Total 2018\EO.Web.dll"
"Could not load file or assembly 'EO.Web.dll' or one of its dependencies. The system cannot find the path specified."
 <201312111002041568> 18/10/2018 01:14:03.033     [Error  ] - Failed to open, data source: Test_Table, Program: "Browse - Test Table".
 <-1> 18/10/2018 04:36:29.007     [Error  ] - Failed to Load Assembly : "C:\Program Files (x86)\Essential Objects\EO.Total 2018\EO.Web.dll"
"Could not load file or assembly 'EO.Web.dll' or one of its dependencies. The system cannot find the path specified."
 <-1> 18/10/2018 04:36:29.064     [Error  ] - Failed to Load Assembly : "C:\Program Files (x86)\Essential Objects\EO.Total 2018\EO.Web.dll"
"Could not load file or assembly 'EO.Web.dll' or one of its dependencies. The system cannot find the path specified."
 <-1> 19/10/2018 01:58:26.154     [Error  ] - Failed to Load Assembly : "C:\Program Files (x86)\Essential Objects\EO.Total 2018\EO.Web.dll"
"Could not load file or assembly 'EO.Web.dll' or one of its dependencies. The system cannot find the path specified."
 <-1> 19/10/2018 01:58:26.225     [Error  ] - Failed to Load Assembly : "C:\Program Files (x86)\Essential Objects\EO.Total 2018\EO.Web.dll"
"Could not load file or assembly 'EO.Web.dll' or one of its dependencies. The system cannot find the path specified."
